# JRE version: OpenJDK Runtime Environment Zulu17.34+19-CA (17.0.3+7) (build 17.0.3+7-LTS)
# Java VM: OpenJDK 64-Bit Server VM Zulu17.34+19-CA (17.0.3+7-LTS, mixed mode, sharing, tiered, compressed oops, compressed class ptrs, g1 gc, bsd-amd64)
GC Precious Log:
 CPUs: 8 total, 8 available
 Memory: 16384M
 Large Page Support: Disabled
 NUMA Support: Disabled
 Compressed Oops: Enabled (Zero based)
 Heap Region Size: 8M
 Heap Min Capacity: 8M
 Heap Initial Capacity: 256M
 Heap Max Capacity: 13112M
 Pre-touch: Disabled
 Parallel Workers: 8
 Concurrent Workers: 2
 Concurrent Refinement Workers: 8
 Periodic GC: Disabled
Heap:
 garbage-first heap   total 81920K, used 27593K [0x00000004cc800000, 0x0000000800000000)
  region size 8192K, 1 young (8192K), 0 survivors (0K)
 Metaspace       used 5644K, committed 5824K, reserved 1056768K
  class space    used 646K, committed 768K, reserved 1048576K
GC Heap History (20 events):
Event: 0.394 GC heap before
{Heap before GC invocations=2 (full 2):
 garbage-first heap   total 81920K, used 12502K [0x00000004cc800000, 0x0000000800000000)
  region size 8192K, 1 young (8192K), 0 survivors (0K)
 Metaspace       used 1285K, committed 1472K, reserved 1056768K
  class space    used 112K, committed 192K, reserved 1048576K
}
Event: 0.400 GC heap after
{Heap after GC invocations=3 (full 3):
 garbage-first heap   total 81920K, used 12758K [0x00000004cc800000, 0x0000000800000000)
  region size 8192K, 0 young (0K), 0 survivors (0K)
 Metaspace       used 1285K, committed 1472K, reserved 1056768K
  class space    used 112K, committed 192K, reserved 1048576K
}
Event: 0.445 GC heap before
{Heap before GC invocations=3 (full 3):
 garbage-first heap   total 81920K, used 12758K [0x00000004cc800000, 0x0000000800000000)
  region size 8192K, 1 young (8192K), 0 survivors (0K)
 Metaspace       used 1287K, committed 1472K, reserved 1056768K
  class space    used 112K, committed 192K, reserved 1048576K
}
Event: 0.451 GC heap after
{Heap after GC invocations=4 (full 4):
 garbage-first heap   total 81920K, used 12775K [0x00000004cc800000, 0x0000000800000000)
  region size 8192K, 0 young (0K), 0 survivors (0K)
 Metaspace       used 1287K, committed 1472K, reserved 1056768K
  class space    used 112K, committed 192K, reserved 1048576K
}
Event: 0.675 GC heap before
{Heap before GC invocations=4 (full 4):
 garbage-first heap   total 81920K, used 29159K [0x00000004cc800000, 0x0000000800000000)
  region size 8192K, 2 young (16384K), 0 survivors (0K)
 Metaspace       used 1878K, committed 2048K, reserved 1056768K
  class space    used 169K, committed 256K, reserved 1048576K
}
Event: 0.679 GC heap after
{Heap after GC invocations=5 (full 4):
 garbage-first heap   total 81920K, used 14823K [0x00000004cc800000, 0x0000000800000000)
  region size 8192K, 1 young (8192K), 1 survivors (8192K)
 Metaspace       used 1878K, committed 2048K, reserved 1056768K
  class space    used 169K, committed 256K, reserved 1048576K
}
Event: 0.762 GC heap before
{Heap before GC invocations=5 (full 4):
 garbage-first heap   total 81920K, used 31207K [0x00000004cc800000, 0x0000000800000000)
  region size 8192K, 3 young (24576K), 1 survivors (8192K)
 Metaspace       used 2329K, committed 2432K, reserved 1056768K
  class space    used 218K, committed 256K, reserved 1048576K
}
Event: 0.766 GC heap after
{Heap after GC invocations=6 (full 4):
 garbage-first heap   total 81920K, used 16921K [0x00000004cc800000, 0x0000000800000000)
  region size 8192K, 1 young (8192K), 1 survivors (8192K)
 Metaspace       used 2329K, committed 2432K, reserved 1056768K
  class space    used 218K, committed 256K, reserved 1048576K
}
Event: 0.996 GC heap before
{Heap before GC invocations=6 (full 4):
 garbage-first heap   total 81920K, used 25113K [0x00000004cc800000, 0x0000000800000000)
  region size 8192K, 3 young (24576K), 1 survivors (8192K)
 Metaspace       used 2457K, committed 2624K, reserved 1056768K
  class space    used 237K, committed 320K, reserved 1048576K
}
Event: 1.020 GC heap after
{Heap after GC invocations=7 (full 5):
 garbage-first heap   total 81920K, used 25836K [0x00000004cc800000, 0x0000000800000000)
  region size 8192K, 0 young (0K), 0 survivors (0K)
 Metaspace       used 2457K, committed 2624K, reserved 1056768K
  class space    used 237K, committed 320K, reserved 1048576K
}
Event: 1.452 GC heap before
{Heap before GC invocations=7 (full 5):
 garbage-first heap   total 81920K, used 34028K [0x00000004cc800000, 0x0000000800000000)
  region size 8192K, 2 young (16384K), 0 survivors (0K)
 Metaspace       used 5464K, committed 5632K, reserved 1056768K
  class space    used 622K, committed 704K, reserved 1048576K
}
Event: 1.483 GC heap after
{Heap after GC invocations=8 (full 6):
 garbage-first heap   total 81920K, used 27422K [0x00000004cc800000, 0x0000000800000000)
  region size 8192K, 0 young (0K), 0 survivors (0K)
 Metaspace       used 5464K, committed 5632K, reserved 1056768K
  class space    used 622K, committed 704K, reserved 1048576K
}
Event: 1.702 GC heap before
{Heap before GC invocations=8 (full 6):
 garbage-first heap   total 81920K, used 27422K [0x00000004cc800000, 0x0000000800000000)
  region size 8192K, 1 young (8192K), 0 survivors (0K)
 Metaspace       used 5620K, committed 5824K, reserved 1056768K
  class space    used 645K, committed 768K, reserved 1048576K
}
Event: 1.729 GC heap after
{Heap after GC invocations=9 (full 7):
 garbage-first heap   total 81920K, used 27592K [0x00000004cc800000, 0x0000000800000000)
  region size 8192K, 0 young (0K), 0 survivors (0K)
 Metaspace       used 5620K, committed 5824K, reserved 1056768K
  class space    used 645K, committed 768K, reserved 1048576K
}
Event: 1.758 GC heap before
{Heap before GC invocations=9 (full 7):
 garbage-first heap   total 81920K, used 27592K [0x00000004cc800000, 0x0000000800000000)
  region size 8192K, 1 young (8192K), 0 survivors (0K)
 Metaspace       used 5620K, committed 5824K, reserved 1056768K
  class space    used 645K, committed 768K, reserved 1048576K
}
Event: 1.776 GC heap after
{Heap after GC invocations=10 (full 8):
 garbage-first heap   total 81920K, used 27592K [0x00000004cc800000, 0x0000000800000000)
  region size 8192K, 0 young (0K), 0 survivors (0K)
 Metaspace       used 5620K, committed 5824K, reserved 1056768K
  class space    used 645K, committed 768K, reserved 1048576K
}
Event: 1.800 GC heap before
{Heap before GC invocations=10 (full 8):
 garbage-first heap   total 81920K, used 27592K [0x00000004cc800000, 0x0000000800000000)
  region size 8192K, 1 young (8192K), 0 survivors (0K)
 Metaspace       used 5620K, committed 5824K, reserved 1056768K
  class space    used 645K, committed 768K, reserved 1048576K
}
Event: 1.818 GC heap after
{Heap after GC invocations=11 (full 9):
 garbage-first heap   total 81920K, used 27592K [0x00000004cc800000, 0x0000000800000000)
  region size 8192K, 0 young (0K), 0 survivors (0K)
 Metaspace       used 5620K, committed 5824K, reserved 1056768K
  class space    used 645K, committed 768K, reserved 1048576K
}
Event: 16.760 GC heap before
{Heap before GC invocations=11 (full 9):
 garbage-first heap   total 81920K, used 27592K [0x00000004cc800000, 0x0000000800000000)
  region size 8192K, 1 young (8192K), 0 survivors (0K)
 Metaspace       used 5631K, committed 5824K, reserved 1056768K
  class space    used 645K, committed 768K, reserved 1048576K
}
Event: 16.788 GC heap after
{Heap after GC invocations=12 (full 10):
 garbage-first heap   total 81920K, used 27593K [0x00000004cc800000, 0x0000000800000000)
  region size 8192K, 0 young (0K), 0 survivors (0K)
 Metaspace       used 5631K, committed 5824K, reserved 1056768K
  class space    used 645K, committed 768K, reserved 1048576K
}

