# JRE version: OpenJDK Runtime Environment Zulu17.34+19-CA (17.0.3+7) (build 17.0.3+7-LTS)
# Java VM: OpenJDK 64-Bit Server VM Zulu17.34+19-CA (17.0.3+7-LTS, mixed mode, sharing, tiered, compressed oops, compressed class ptrs, g1 gc, bsd-amd64)
GC Precious Log:
 CPUs: 8 total, 8 available
 Memory: 16384M
 Large Page Support: Disabled
 NUMA Support: Disabled
 Compressed Oops: Enabled (Zero based)
 Heap Region Size: 8M
 Heap Min Capacity: 8M
 Heap Initial Capacity: 256M
 Heap Max Capacity: 13112M
 Pre-touch: Disabled
 Parallel Workers: 8
 Concurrent Workers: 2
 Concurrent Refinement Workers: 8
 Periodic GC: Disabled
Heap:
 garbage-first heap   total 81920K, used 27597K [0x00000004cc800000, 0x0000000800000000)
  region size 8192K, 1 young (8192K), 0 survivors (0K)
 Metaspace       used 5652K, committed 5824K, reserved 1056768K
  class space    used 646K, committed 768K, reserved 1048576K
GC Heap History (20 events):
Event: 2.498 GC heap before
{Heap before GC invocations=13 (full 11):
 garbage-first heap   total 81920K, used 27595K [0x00000004cc800000, 0x0000000800000000)
  region size 8192K, 1 young (8192K), 0 survivors (0K)
 Metaspace       used 5636K, committed 5824K, reserved 1056768K
  class space    used 645K, committed 768K, reserved 1048576K
}
Event: 2.519 GC heap after
{Heap after GC invocations=14 (full 12):
 garbage-first heap   total 81920K, used 27595K [0x00000004cc800000, 0x0000000800000000)
  region size 8192K, 0 young (0K), 0 survivors (0K)
 Metaspace       used 5636K, committed 5824K, reserved 1056768K
  class space    used 645K, committed 768K, reserved 1048576K
}
Event: 2.559 GC heap before
{Heap before GC invocations=14 (full 12):
 garbage-first heap   total 81920K, used 27595K [0x00000004cc800000, 0x0000000800000000)
  region size 8192K, 1 young (8192K), 0 survivors (0K)
 Metaspace       used 5636K, committed 5824K, reserved 1056768K
  class space    used 645K, committed 768K, reserved 1048576K
}
Event: 2.579 GC heap after
{Heap after GC invocations=15 (full 13):
 garbage-first heap   total 81920K, used 27595K [0x00000004cc800000, 0x0000000800000000)
  region size 8192K, 0 young (0K), 0 survivors (0K)
 Metaspace       used 5636K, committed 5824K, reserved 1056768K
  class space    used 645K, committed 768K, reserved 1048576K
}
Event: 2.832 GC heap before
{Heap before GC invocations=15 (full 13):
 garbage-first heap   total 81920K, used 27595K [0x00000004cc800000, 0x0000000800000000)
  region size 8192K, 1 young (8192K), 0 survivors (0K)
 Metaspace       used 5639K, committed 5824K, reserved 1056768K
  class space    used 645K, committed 768K, reserved 1048576K
}
Event: 2.852 GC heap after
{Heap after GC invocations=16 (full 14):
 garbage-first heap   total 81920K, used 27595K [0x00000004cc800000, 0x0000000800000000)
  region size 8192K, 0 young (0K), 0 survivors (0K)
 Metaspace       used 5639K, committed 5824K, reserved 1056768K
  class space    used 645K, committed 768K, reserved 1048576K
}
Event: 3.062 GC heap before
{Heap before GC invocations=16 (full 14):
 garbage-first heap   total 81920K, used 27595K [0x00000004cc800000, 0x0000000800000000)
  region size 8192K, 1 young (8192K), 0 survivors (0K)
 Metaspace       used 5639K, committed 5824K, reserved 1056768K
  class space    used 645K, committed 768K, reserved 1048576K
}
Event: 3.085 GC heap after
{Heap after GC invocations=17 (full 15):
 garbage-first heap   total 81920K, used 27597K [0x00000004cc800000, 0x0000000800000000)
  region size 8192K, 0 young (0K), 0 survivors (0K)
 Metaspace       used 5639K, committed 5824K, reserved 1056768K
  class space    used 645K, committed 768K, reserved 1048576K
}
Event: 3.139 GC heap before
{Heap before GC invocations=17 (full 15):
 garbage-first heap   total 81920K, used 27597K [0x00000004cc800000, 0x0000000800000000)
  region size 8192K, 1 young (8192K), 0 survivors (0K)
 Metaspace       used 5639K, committed 5824K, reserved 1056768K
  class space    used 645K, committed 768K, reserved 1048576K
}
Event: 3.162 GC heap after
{Heap after GC invocations=18 (full 16):
 garbage-first heap   total 81920K, used 27597K [0x00000004cc800000, 0x0000000800000000)
  region size 8192K, 0 young (0K), 0 survivors (0K)
 Metaspace       used 5639K, committed 5824K, reserved 1056768K
  class space    used 645K, committed 768K, reserved 1048576K
}
Event: 3.227 GC heap before
{Heap before GC invocations=18 (full 16):
 garbage-first heap   total 81920K, used 27597K [0x00000004cc800000, 0x0000000800000000)
  region size 8192K, 1 young (8192K), 0 survivors (0K)
 Metaspace       used 5639K, committed 5824K, reserved 1056768K
  class space    used 645K, committed 768K, reserved 1048576K
}
Event: 3.250 GC heap after
{Heap after GC invocations=19 (full 17):
 garbage-first heap   total 81920K, used 27597K [0x00000004cc800000, 0x0000000800000000)
  region size 8192K, 0 young (0K), 0 survivors (0K)
 Metaspace       used 5639K, committed 5824K, reserved 1056768K
  class space    used 645K, committed 768K, reserved 1048576K
}
Event: 3.314 GC heap before
{Heap before GC invocations=19 (full 17):
 garbage-first heap   total 81920K, used 27597K [0x00000004cc800000, 0x0000000800000000)
  region size 8192K, 1 young (8192K), 0 survivors (0K)
 Metaspace       used 5639K, committed 5824K, reserved 1056768K
  class space    used 645K, committed 768K, reserved 1048576K
}
Event: 3.336 GC heap after
{Heap after GC invocations=20 (full 18):
 garbage-first heap   total 81920K, used 27597K [0x00000004cc800000, 0x0000000800000000)
  region size 8192K, 0 young (0K), 0 survivors (0K)
 Metaspace       used 5639K, committed 5824K, reserved 1056768K
  class space    used 645K, committed 768K, reserved 1048576K
}
Event: 3.395 GC heap before
{Heap before GC invocations=20 (full 18):
 garbage-first heap   total 81920K, used 27597K [0x00000004cc800000, 0x0000000800000000)
  region size 8192K, 1 young (8192K), 0 survivors (0K)
 Metaspace       used 5639K, committed 5824K, reserved 1056768K
  class space    used 645K, committed 768K, reserved 1048576K
}
Event: 3.418 GC heap after
{Heap after GC invocations=21 (full 19):
 garbage-first heap   total 81920K, used 27597K [0x00000004cc800000, 0x0000000800000000)
  region size 8192K, 0 young (0K), 0 survivors (0K)
 Metaspace       used 5639K, committed 5824K, reserved 1056768K
  class space    used 645K, committed 768K, reserved 1048576K
}
Event: 100.774 GC heap before
{Heap before GC invocations=21 (full 19):
 garbage-first heap   total 81920K, used 27597K [0x00000004cc800000, 0x0000000800000000)
  region size 8192K, 1 young (8192K), 0 survivors (0K)
 Metaspace       used 5647K, committed 5824K, reserved 1056768K
  class space    used 645K, committed 768K, reserved 1048576K
}
Event: 100.823 GC heap after
{Heap after GC invocations=22 (full 20):
 garbage-first heap   total 81920K, used 27597K [0x00000004cc800000, 0x0000000800000000)
  region size 8192K, 0 young (0K), 0 survivors (0K)
 Metaspace       used 5647K, committed 5824K, reserved 1056768K
  class space    used 645K, committed 768K, reserved 1048576K
}
Event: 100.825 GC heap before
{Heap before GC invocations=22 (full 20):
 garbage-first heap   total 81920K, used 27597K [0x00000004cc800000, 0x0000000800000000)
  region size 8192K, 1 young (8192K), 0 survivors (0K)
 Metaspace       used 5647K, committed 5824K, reserved 1056768K
  class space    used 645K, committed 768K, reserved 1048576K
}
Event: 100.847 GC heap after
{Heap after GC invocations=23 (full 21):
 garbage-first heap   total 81920K, used 27597K [0x00000004cc800000, 0x0000000800000000)
  region size 8192K, 0 young (0K), 0 survivors (0K)
 Metaspace       used 5647K, committed 5824K, reserved 1056768K
  class space    used 645K, committed 768K, reserved 1048576K
}

